<?xml version="1.0" encoding="UTF-8"?>
<testsuite name="Validar informacion al intentar reservar un hotel" tests="1" skipped="0" failures="0" errors="0" timestamp="2021-07-22T01:41:43" hostname="LAPTOP-6N9OQL9L" time="27.851">
  <properties/>
  <testcase name="Flujo exitoso para cliente que busca informacion sobre un hotel" classname="Validar informacion al intentar reservar un hotel" time="27.851"/>
  <system-out><![CDATA[
Escenario: Flujo exitoso para cliente que busca informacion sobre un hotel ?[90m# src/test/resources/features/04_hotel_reservation.feature:5?[0m
Feature from file:///C:/Users/Fitideas/Desktop/My-Proyecto/src/test/resources/features/04_hotel_reservation.feature
20:41:43.987 [Test worker] INFO  - 
 _____ _____ ____ _____   ____ _____  _    ____ _____ _____ ____  
|_   _| ____/ ___|_   _| / ___|_   _|/ \  |  _ \_   _| ____|  _ \ 
  | | |  _| \___ \ | |   \___ \ | | / _ \ | |_) || | |  _| | | | |
  | | | |___ ___) || |    ___) || |/ ___ \|  _ < | | | |___| |_| |
  |_| |_____|____/ |_|   |____/ |_/_/   \_\_| \_\|_| |_____|____/ 

Flujo exitoso para cliente que busca informacion sobre un hotel(validar-informacion-al-intentar-reservar-un-hotel;flujo-exitoso-para-cliente-que-busca-informacion-sobre-un-hotel)
-------------------------------------------------------------------
20:41:44.229 [Test worker] INFO net.serenitybdd.core.webdriver.driverproviders.ProvideNewDriver - Instantiating driver
20:41:44.229 [Test worker] INFO net.serenitybdd.core.webdriver.driverproviders.ProvideNewDriver - Driver capabilities: Capabilities {acceptInsecureCerts: false, browserName: chrome, chrome.switches: --start-maximized;--test-ty..., goog:chromeOptions: {args: [--start-maximized, --test-type, --no-sandbox, --ignore-certificate-errors..., --disable-popup-blocking, --disable-default-apps, --disable-extensions-file-a..., --incognito, --disable-infobars, --disable-gpu], extensions: []}, loggingPrefs: org.openqa.selenium.logging..., platform: ANY, version: }
20:41:46.400 [Test worker] DEBUG net.serenitybdd.core.photography.Darkroom - Opening darkroom
20:41:46.401 [Darkroom Processing Line] DEBUG net.serenitybdd.core.photography.DarkroomProcessingLine - Darkroom processing line starting up
20:41:46.608 [Test worker] DEBUG net.serenitybdd.core.photography.Darkroom - Send negative for processing for C:\Users\Fitideas\Desktop\My-Proyecto\target\site\serenity\d318b19f2b000b8a5b68fa9c8ba3ac0c08b3b11ec7c29f005322adfa6a9b9cc3.png
20:41:46.609 [Test worker] DEBUG net.thucydides.core.steps.StepInterceptor - STARTING STEP: StaysSteps.customerBegin - {0}Se inicia el proceso
20:41:46.651 [Test worker] DEBUG net.thucydides.core.steps.StepInterceptor - STARTING STEP: StartFlow.performAs - {0} opens the #url
20:41:52.153 [Test worker] DEBUG net.serenitybdd.core.photography.Darkroom - Send negative for processing for C:\Users\Fitideas\Desktop\My-Proyecto\target\site\serenity\087a4262f6f6f479550da137ee74b87fd6da8ff72e49fab3ff010a71043473c9.png
20:41:52.153 [Test worker] DEBUG net.thucydides.core.steps.StepInterceptor - STEP DONE: {0} opens the #url
20:41:52.166 [Test worker] DEBUG net.thucydides.core.steps.StepInterceptor - STEP DONE: {0}Se inicia el proceso
  ?[32mDado ?[0m?[32mQue ?[0m?[32m?[1mFelipe?[0m?[32m es un usuario que ingresa a la aplicacion?[0m                ?[90m# automation.qa.ui.steps.StaysSteps.customerBegin(java.lang.String)?[0m
Step argument class io.cucumber.core.gherkin.vintage.GherkinVintageDataTableArgument
20:41:52.760 [Test worker] DEBUG net.serenitybdd.core.photography.Darkroom - Send negative for processing for C:\Users\Fitideas\Desktop\My-Proyecto\target\site\serenity\087a4262f6f6f479550da137ee74b87fd6da8ff72e49fab3ff010a71043473c9.png
20:41:52.761 [Test worker] DEBUG net.thucydides.core.steps.StepInterceptor - STARTING STEP: StaysSteps.customerEnterStaysData - performAs
20:41:53.711 [Test worker] DEBUG net.serenitybdd.core.photography.Darkroom - Send negative for processing for C:\Users\Fitideas\Desktop\My-Proyecto\target\site\serenity\087a4262f6f6f479550da137ee74b87fd6da8ff72e49fab3ff010a71043473c9.png
20:41:53.712 [Test worker] DEBUG net.thucydides.core.steps.StepInterceptor - STARTING STEP: Stays.performAs - {0} clicks on #target
20:41:53.714 [Test worker] DEBUG net.serenitybdd.screenplay.targets.IFrameSwitcher - default content already selected for Going To
20:41:56.324 [Test worker] DEBUG net.serenitybdd.core.photography.Darkroom - Send negative for processing for C:\Users\Fitideas\Desktop\My-Proyecto\target\site\serenity\bd7881dde59d717ac41444033d2d511e5c1f122377e13c14b5751b7360ba08cf.png
20:41:56.324 [Test worker] DEBUG net.thucydides.core.steps.StepInterceptor - STEP DONE: {0} clicks on #target
20:41:56.324 [Darkroom Processing Line] DEBUG net.serenitybdd.core.photography.DarkroomProcessingLine - Processing screenshot image in /var/screenshots/screenshot-173759224785130486
20:41:56.325 [Darkroom Processing Line] DEBUG net.serenitybdd.core.photography.DarkroomProcessingLine - Saving screenshot to C:\Users\Fitideas\Desktop\My-Proyecto\target\site\serenity\bd7881dde59d717ac41444033d2d511e5c1f122377e13c14b5751b7360ba08cf.png
20:41:56.342 [Test worker] DEBUG net.thucydides.core.steps.StepInterceptor - STARTING STEP: Stays.performAs - {0} enters #theTextAsAString into #target
20:41:56.343 [Test worker] DEBUG net.serenitybdd.screenplay.targets.IFrameSwitcher - default content already selected for Going To
20:41:57.205 [Test worker] DEBUG net.serenitybdd.screenplay.targets.IFrameSwitcher - default content already selected for Going To
20:41:58.457 [Test worker] DEBUG net.serenitybdd.core.photography.Darkroom - Send negative for processing for C:\Users\Fitideas\Desktop\My-Proyecto\target\site\serenity\07c278772c8a60fe9820f05d78fa18e05f037f2c51ccb77be3bff45b453227b0.png
20:41:58.458 [Test worker] DEBUG net.thucydides.core.steps.StepInterceptor - STEP DONE: {0} enters #theTextAsAString into #target
20:41:58.458 [Darkroom Processing Line] DEBUG net.serenitybdd.core.photography.DarkroomProcessingLine - Processing screenshot image in /var/screenshots/screenshot-4706571453762777723
20:41:58.458 [Darkroom Processing Line] DEBUG net.serenitybdd.core.photography.DarkroomProcessingLine - Saving screenshot to C:\Users\Fitideas\Desktop\My-Proyecto\target\site\serenity\07c278772c8a60fe9820f05d78fa18e05f037f2c51ccb77be3bff45b453227b0.png
20:41:58.461 [Test worker] DEBUG net.serenitybdd.screenplay.targets.IFrameSwitcher - default content already selected for Search
20:41:59.377 [Test worker] DEBUG net.serenitybdd.core.photography.Darkroom - Send negative for processing for C:\Users\Fitideas\Desktop\My-Proyecto\target\site\serenity\ce13715b6234dc543c6912f85beba2e286aef9e0fd80cac72c6c32885fbc314f.png
20:41:59.378 [Test worker] DEBUG net.thucydides.core.steps.StepInterceptor - STARTING STEP: Stays.performAs - {0} clicks on #target
20:41:59.379 [Test worker] DEBUG net.serenitybdd.screenplay.targets.IFrameSwitcher - default content already selected for Search
20:42:07.976 [Test worker] DEBUG net.serenitybdd.core.photography.Darkroom - Send negative for processing for C:\Users\Fitideas\Desktop\My-Proyecto\target\site\serenity\5aa3de141f31940d829bd67590410e2e177a9438e2bb06f50f6358a9dc25db4f.png
20:42:07.976 [Test worker] DEBUG net.thucydides.core.steps.StepInterceptor - STEP DONE: {0} clicks on #target
20:42:07.976 [Darkroom Processing Line] DEBUG net.serenitybdd.core.photography.DarkroomProcessingLine - Processing screenshot image in /var/screenshots/screenshot-3922271443111434714
20:42:07.976 [Darkroom Processing Line] DEBUG net.serenitybdd.core.photography.DarkroomProcessingLine - Saving screenshot to C:\Users\Fitideas\Desktop\My-Proyecto\target\site\serenity\5aa3de141f31940d829bd67590410e2e177a9438e2bb06f50f6358a9dc25db4f.png
20:42:07.999 [Test worker] DEBUG net.thucydides.core.steps.StepInterceptor - STEP DONE: performAs
  ?[32mCuando ?[0m?[32mDigita la informacion de la ciudad a visitar?[0m                      ?[90m# automation.qa.ui.steps.StaysSteps.customerEnterStaysData(java.util.List<automation.qa.ui.dtos.StaysData>)?[0m
20:42:08.378 [Test worker] DEBUG net.serenitybdd.core.photography.Darkroom - Send negative for processing for C:\Users\Fitideas\Desktop\My-Proyecto\target\site\serenity\5aa3de141f31940d829bd67590410e2e177a9438e2bb06f50f6358a9dc25db4f.png
20:42:08.388 [Test worker] DEBUG net.serenitybdd.screenplay.targets.IFrameSwitcher - default content already selected for Search Result
  ?[32mEntonces ?[0m?[32mEl sistema le mostrara los resultados de la busqueda?[0m            ?[90m# automation.qa.ui.steps.StaysSteps.customerSuccess()?[0m
20:42:09.024 [Test worker] DEBUG net.serenitybdd.core.photography.Darkroom - Send negative for processing for C:\Users\Fitideas\Desktop\My-Proyecto\target\site\serenity\5aa3de141f31940d829bd67590410e2e177a9438e2bb06f50f6358a9dc25db4f.png
20:42:09.836 [Test worker] DEBUG net.serenitybdd.core.photography.Darkroom - Send negative for processing for C:\Users\Fitideas\Desktop\My-Proyecto\target\site\serenity\5aa3de141f31940d829bd67590410e2e177a9438e2bb06f50f6358a9dc25db4f.png
20:42:09.837 [Test worker] DEBUG net.thucydides.core.steps.StepInterceptor - STARTING STEP: StaysSteps.customerSearchHotel - performAs
20:42:09.876 [Test worker] DEBUG net.thucydides.core.steps.StepInterceptor - STARTING STEP: HotelResults.performAs - {0} clicks on #target
20:42:09.877 [Test worker] DEBUG net.serenitybdd.screenplay.targets.IFrameSwitcher - default content already selected for Hotel
20:42:11.047 [Test worker] DEBUG net.serenitybdd.core.photography.Darkroom - Send negative for processing for C:\Users\Fitideas\Desktop\My-Proyecto\target\site\serenity\5aa3de141f31940d829bd67590410e2e177a9438e2bb06f50f6358a9dc25db4f.png
20:42:11.047 [Test worker] DEBUG net.thucydides.core.steps.StepInterceptor - STEP DONE: {0} clicks on #target
20:42:11.061 [Test worker] DEBUG net.thucydides.core.steps.StepInterceptor - STEP DONE: performAs
  ?[32mCuando ?[0m?[32mSeleccione un hotel?[0m                                               ?[90m# automation.qa.ui.steps.StaysSteps.customerSearchHotel()?[0m
20:42:11.829 [Test worker] INFO  - 
        __    _____ _____ ____ _____   ____   _    ____  ____  _____ ____  
  _     \ \  |_   _| ____/ ___|_   _| |  _ \ / \  / ___|/ ___|| ____|  _ \ 
 (_)_____| |   | | |  _| \___ \ | |   | |_) / _ \ \___ \\___ \|  _| | | | |
  _|_____| |   | | | |___ ___) || |   |  __/ ___ \ ___) |___) | |___| |_| |
 (_)     | |   |_| |_____|____/ |_|   |_| /_/   \_\____/|____/|_____|____/ 
        /_/                                                                

Flujo exitoso para cliente que busca informacion sobre un hotel
----------------------------------------------------------------------------
]]></system-out>
  <system-err><![CDATA[jul 21, 2021 8:41:44 PM org.openqa.selenium.remote.DesiredCapabilities chrome
INFORMACIÓN: Using `new ChromeOptions()` is preferred to `DesiredCapabilities.chrome()`
Starting ChromeDriver 91.0.4472.19 (1bf021f248676a0b2ab3ee0561d83a59e424c23e-refs/branch-heads/4472@{#288}) on port 43651
Only local connections are allowed.
Please see https://chromedriver.chromium.org/security-considerations for suggestions on keeping ChromeDriver safe.
ChromeDriver was started successfully.
jul 21, 2021 8:41:45 PM org.openqa.selenium.remote.ProtocolHandshake createSession
INFORMACIÓN: Detected dialect: W3C
]]></system-err>
</testsuite>
