<?xml version="1.0" encoding="UTF-8"?>
<testsuite name="Busqueda basica para rentar un auto" tests="1" skipped="0" failures="0" errors="0" timestamp="2021-07-22T01:41:07" hostname="LAPTOP-6N9OQL9L" time="23.259">
  <properties/>
  <testcase name="Flujo exitoso para cliente que busca rentar un auto" classname="Busqueda basica para rentar un auto" time="23.259"/>
  <system-out><![CDATA[
Escenario: Flujo exitoso para cliente que busca rentar un auto               ?[90m# src/test/resources/features/02_cars_basic_search.feature:5?[0m
Feature from file:///C:/Users/Fitideas/Desktop/My-Proyecto/src/test/resources/features/02_cars_basic_search.feature
20:41:07.152 [Test worker] INFO  - 
 _____ _____ ____ _____   ____ _____  _    ____ _____ _____ ____  
|_   _| ____/ ___|_   _| / ___|_   _|/ \  |  _ \_   _| ____|  _ \ 
  | | |  _| \___ \ | |   \___ \ | | / _ \ | |_) || | |  _| | | | |
  | | | |___ ___) || |    ___) || |/ ___ \|  _ < | | | |___| |_| |
  |_| |_____|____/ |_|   |____/ |_/_/   \_\_| \_\|_| |_____|____/ 

Flujo exitoso para cliente que busca rentar un auto(busqueda-basica-para-rentar-un-auto;flujo-exitoso-para-cliente-que-busca-rentar-un-auto)
-------------------------------------------------------------------
20:41:07.372 [Test worker] INFO net.serenitybdd.core.webdriver.driverproviders.ProvideNewDriver - Instantiating driver
20:41:07.372 [Test worker] INFO net.serenitybdd.core.webdriver.driverproviders.ProvideNewDriver - Driver capabilities: Capabilities {acceptInsecureCerts: false, browserName: chrome, chrome.switches: --start-maximized;--test-ty..., goog:chromeOptions: {args: [--start-maximized, --test-type, --no-sandbox, --ignore-certificate-errors..., --disable-popup-blocking, --disable-default-apps, --disable-extensions-file-a..., --incognito, --disable-infobars, --disable-gpu], extensions: []}, loggingPrefs: org.openqa.selenium.logging..., platform: ANY, version: }
20:41:09.132 [Test worker] DEBUG net.serenitybdd.core.photography.Darkroom - Opening darkroom
20:41:09.132 [Darkroom Processing Line] DEBUG net.serenitybdd.core.photography.DarkroomProcessingLine - Darkroom processing line starting up
20:41:09.284 [Test worker] DEBUG net.serenitybdd.core.photography.Darkroom - Send negative for processing for C:\Users\Fitideas\Desktop\My-Proyecto\target\site\serenity\d318b19f2b000b8a5b68fa9c8ba3ac0c08b3b11ec7c29f005322adfa6a9b9cc3.png
20:41:09.285 [Test worker] DEBUG net.thucydides.core.steps.StepInterceptor - STARTING STEP: StaysSteps.customerBegin - {0}Se inicia el proceso
20:41:09.313 [Test worker] DEBUG net.thucydides.core.steps.StepInterceptor - STARTING STEP: StartFlow.performAs - {0} opens the #url
20:41:16.580 [Test worker] DEBUG net.serenitybdd.core.photography.Darkroom - Send negative for processing for C:\Users\Fitideas\Desktop\My-Proyecto\target\site\serenity\087a4262f6f6f479550da137ee74b87fd6da8ff72e49fab3ff010a71043473c9.png
20:41:16.580 [Test worker] DEBUG net.thucydides.core.steps.StepInterceptor - STEP DONE: {0} opens the #url
20:41:16.593 [Test worker] DEBUG net.thucydides.core.steps.StepInterceptor - STEP DONE: {0}Se inicia el proceso
  ?[32mDado ?[0m?[32mQue ?[0m?[32m?[1mAngel?[0m?[32m es un usuario que ingresa a la aplicacion?[0m                   ?[90m# automation.qa.ui.steps.StaysSteps.customerBegin(java.lang.String)?[0m
Step argument class io.cucumber.core.gherkin.vintage.GherkinVintageDataTableArgument
20:41:17.053 [Test worker] DEBUG net.serenitybdd.core.photography.Darkroom - Send negative for processing for C:\Users\Fitideas\Desktop\My-Proyecto\target\site\serenity\087a4262f6f6f479550da137ee74b87fd6da8ff72e49fab3ff010a71043473c9.png
20:41:17.053 [Test worker] DEBUG net.thucydides.core.steps.StepInterceptor - STARTING STEP: CarsSteps.customerEnterCarsData - performAs
20:41:17.925 [Test worker] DEBUG net.serenitybdd.core.photography.Darkroom - Send negative for processing for C:\Users\Fitideas\Desktop\My-Proyecto\target\site\serenity\087a4262f6f6f479550da137ee74b87fd6da8ff72e49fab3ff010a71043473c9.png
20:41:17.926 [Test worker] DEBUG net.thucydides.core.steps.StepInterceptor - STARTING STEP: Cars.performAs - {0} clicks on #target
20:41:17.928 [Test worker] DEBUG net.serenitybdd.screenplay.targets.IFrameSwitcher - default content already selected for Cars Button
20:41:19.102 [Test worker] DEBUG net.serenitybdd.core.photography.Darkroom - Send negative for processing for C:\Users\Fitideas\Desktop\My-Proyecto\target\site\serenity\0c26b2d5a274a64e5b437fe17226219d469bb8401a421962d267d7effe3b4dcb.png
20:41:19.103 [Test worker] DEBUG net.thucydides.core.steps.StepInterceptor - STEP DONE: {0} clicks on #target
20:41:19.137 [Test worker] DEBUG net.thucydides.core.steps.StepInterceptor - STARTING STEP: Cars.performAs - {0} clicks on #target
20:41:19.138 [Test worker] DEBUG net.serenitybdd.screenplay.targets.IFrameSwitcher - default content already selected for Delivery
20:41:19.956 [Test worker] DEBUG net.serenitybdd.core.photography.Darkroom - Send negative for processing for C:\Users\Fitideas\Desktop\My-Proyecto\target\site\serenity\93a2975b1f018878e436c11a9112c8ed886bb1f1205c79c219c1e0dfce2cdb80.png
20:41:19.956 [Test worker] DEBUG net.thucydides.core.steps.StepInterceptor - STEP DONE: {0} clicks on #target
20:41:19.956 [Darkroom Processing Line] DEBUG net.serenitybdd.core.photography.DarkroomProcessingLine - Processing screenshot image in /var/screenshots/screenshot-5246152056101028754
20:41:19.956 [Darkroom Processing Line] DEBUG net.serenitybdd.core.photography.DarkroomProcessingLine - Saving screenshot to C:\Users\Fitideas\Desktop\My-Proyecto\target\site\serenity\93a2975b1f018878e436c11a9112c8ed886bb1f1205c79c219c1e0dfce2cdb80.png
20:41:19.975 [Test worker] DEBUG net.thucydides.core.steps.StepInterceptor - STARTING STEP: Cars.performAs - {0} enters #theTextAsAString into #target
20:41:19.976 [Test worker] DEBUG net.serenitybdd.screenplay.targets.IFrameSwitcher - default content already selected for Delivery01
20:41:20.431 [Test worker] DEBUG net.serenitybdd.screenplay.targets.IFrameSwitcher - default content already selected for Delivery01
20:41:20.809 [Test worker] DEBUG net.serenitybdd.core.photography.Darkroom - Send negative for processing for C:\Users\Fitideas\Desktop\My-Proyecto\target\site\serenity\8905e2e49bf51fe92c19165d2e56f11f0c1457a8e46186ac55810a6c0c8e70d2.png
20:41:20.810 [Test worker] DEBUG net.thucydides.core.steps.StepInterceptor - STEP DONE: {0} enters #theTextAsAString into #target
20:41:20.810 [Darkroom Processing Line] DEBUG net.serenitybdd.core.photography.DarkroomProcessingLine - Processing screenshot image in /var/screenshots/screenshot-6736049325969190104
20:41:20.810 [Darkroom Processing Line] DEBUG net.serenitybdd.core.photography.DarkroomProcessingLine - Saving screenshot to C:\Users\Fitideas\Desktop\My-Proyecto\target\site\serenity\8905e2e49bf51fe92c19165d2e56f11f0c1457a8e46186ac55810a6c0c8e70d2.png
20:41:20.826 [Test worker] DEBUG net.thucydides.core.steps.StepInterceptor - STARTING STEP: Cars.performAs - {0} clicks on #target
20:41:20.827 [Test worker] DEBUG net.serenitybdd.screenplay.targets.IFrameSwitcher - default content already selected for Return
20:41:21.317 [Test worker] DEBUG net.serenitybdd.core.photography.Darkroom - Send negative for processing for C:\Users\Fitideas\Desktop\My-Proyecto\target\site\serenity\cc499650e873a7f82637c1d43dec17cdc2c79adc86785da5b55ca929dbe75ebf.png
20:41:21.317 [Test worker] DEBUG net.thucydides.core.steps.StepInterceptor - STEP DONE: {0} clicks on #target
20:41:21.332 [Test worker] DEBUG net.thucydides.core.steps.StepInterceptor - STARTING STEP: Cars.performAs - {0} enters #theTextAsAString into #target
20:41:21.333 [Test worker] DEBUG net.serenitybdd.screenplay.targets.IFrameSwitcher - default content already selected for Return01
20:41:21.767 [Test worker] DEBUG net.serenitybdd.screenplay.targets.IFrameSwitcher - default content already selected for Return01
20:41:23.069 [Test worker] DEBUG net.serenitybdd.core.photography.Darkroom - Send negative for processing for C:\Users\Fitideas\Desktop\My-Proyecto\target\site\serenity\1cd1c088183cc50198af7c30214c05a8a48d5ae582880198714f00e331a59410.png
20:41:23.070 [Test worker] DEBUG net.thucydides.core.steps.StepInterceptor - STEP DONE: {0} enters #theTextAsAString into #target
20:41:23.070 [Darkroom Processing Line] DEBUG net.serenitybdd.core.photography.DarkroomProcessingLine - Processing screenshot image in /var/screenshots/screenshot-5461877453445288094
20:41:23.070 [Darkroom Processing Line] DEBUG net.serenitybdd.core.photography.DarkroomProcessingLine - Saving screenshot to C:\Users\Fitideas\Desktop\My-Proyecto\target\site\serenity\1cd1c088183cc50198af7c30214c05a8a48d5ae582880198714f00e331a59410.png
20:41:23.085 [Test worker] DEBUG net.thucydides.core.steps.StepInterceptor - STARTING STEP: Cars.performAs - {0} clicks on #target
20:41:23.086 [Test worker] DEBUG net.serenitybdd.screenplay.targets.IFrameSwitcher - default content already selected for PickUp Time
20:41:23.628 [Test worker] DEBUG net.serenitybdd.core.photography.Darkroom - Send negative for processing for C:\Users\Fitideas\Desktop\My-Proyecto\target\site\serenity\f12a6d664f8f37134f274a7f2e0834080391c2831be908cb7aa93d32788d28f4.png
20:41:23.629 [Test worker] DEBUG net.thucydides.core.steps.StepInterceptor - STEP DONE: {0} clicks on #target
20:41:23.644 [Test worker] DEBUG net.thucydides.core.steps.StepInterceptor - STARTING STEP: Cars.performAs - {0} selects #value in #target
20:41:23.644 [Test worker] DEBUG net.serenitybdd.screenplay.targets.IFrameSwitcher - default content already selected for PickUp Time
20:41:24.239 [Test worker] DEBUG net.serenitybdd.core.photography.Darkroom - Send negative for processing for C:\Users\Fitideas\Desktop\My-Proyecto\target\site\serenity\f12a6d664f8f37134f274a7f2e0834080391c2831be908cb7aa93d32788d28f4.png
20:41:24.240 [Test worker] DEBUG net.thucydides.core.steps.StepInterceptor - STEP DONE: {0} selects #value in #target
20:41:24.254 [Test worker] DEBUG net.thucydides.core.steps.StepInterceptor - STARTING STEP: Cars.performAs - {0} clicks on #target
20:41:24.254 [Test worker] DEBUG net.serenitybdd.screenplay.targets.IFrameSwitcher - default content already selected for DropOff Time
20:41:24.838 [Test worker] DEBUG net.serenitybdd.core.photography.Darkroom - Send negative for processing for C:\Users\Fitideas\Desktop\My-Proyecto\target\site\serenity\be9fe721e232893872f556e48fc3e156cb9936a170e6a11569d9996100b8cf2d.png
20:41:24.838 [Test worker] DEBUG net.thucydides.core.steps.StepInterceptor - STEP DONE: {0} clicks on #target
20:41:24.854 [Test worker] DEBUG net.thucydides.core.steps.StepInterceptor - STARTING STEP: Cars.performAs - {0} selects #value in #target
20:41:24.855 [Test worker] DEBUG net.serenitybdd.screenplay.targets.IFrameSwitcher - default content already selected for DropOff Time
20:41:25.549 [Test worker] DEBUG net.serenitybdd.core.photography.Darkroom - Send negative for processing for C:\Users\Fitideas\Desktop\My-Proyecto\target\site\serenity\53c0fbe67474b75f6605346bcce1448ebe11534f02ee18a1a2a7b1f510eb0bc7.png
20:41:25.549 [Test worker] DEBUG net.thucydides.core.steps.StepInterceptor - STEP DONE: {0} selects #value in #target
20:41:25.563 [Test worker] DEBUG net.thucydides.core.steps.StepInterceptor - STARTING STEP: Cars.performAs - {0} clicks on #target
20:41:25.564 [Test worker] DEBUG net.serenitybdd.screenplay.targets.IFrameSwitcher - default content already selected for Search
20:41:27.942 [Test worker] DEBUG net.serenitybdd.core.photography.Darkroom - Send negative for processing for C:\Users\Fitideas\Desktop\My-Proyecto\target\site\serenity\d6e965311a9d7c3baa71e631910d19c561b69ea381681f98aee1a7d8690a14d0.png
20:41:27.943 [Test worker] DEBUG net.thucydides.core.steps.StepInterceptor - STEP DONE: {0} clicks on #target
20:41:27.943 [Darkroom Processing Line] DEBUG net.serenitybdd.core.photography.DarkroomProcessingLine - Processing screenshot image in /var/screenshots/screenshot-5838621716975676449
20:41:27.943 [Darkroom Processing Line] DEBUG net.serenitybdd.core.photography.DarkroomProcessingLine - Saving screenshot to C:\Users\Fitideas\Desktop\My-Proyecto\target\site\serenity\d6e965311a9d7c3baa71e631910d19c561b69ea381681f98aee1a7d8690a14d0.png
20:41:27.963 [Test worker] DEBUG net.thucydides.core.steps.StepInterceptor - STEP DONE: performAs
  ?[32mCuando ?[0m?[32mDigita la informacion de para buscar un auto para rentar?[0m            ?[90m# automation.qa.ui.steps.CarsSteps.customerEnterCarsData(java.util.List<automation.qa.ui.dtos.CarsData>)?[0m
20:41:28.000 [Test worker] DEBUG net.serenitybdd.screenplay.targets.IFrameSwitcher - default content already selected for OrderBy
  ?[32mEntonces ?[0m?[32mEl sistema le mostrara los resultados de la busqueda para el auto?[0m ?[90m# automation.qa.ui.steps.CarsSteps.customerSuccess()?[0m
20:41:29.671 [Test worker] DEBUG net.serenitybdd.core.photography.Darkroom - Send negative for processing for C:\Users\Fitideas\Desktop\My-Proyecto\target\site\serenity\8b8ca11bb621c69ca2d17fd4f0a4f69a64c81fe32a8f091e7e4f31f0d095dda4.png
20:41:29.672 [Darkroom Processing Line] DEBUG net.serenitybdd.core.photography.DarkroomProcessingLine - Processing screenshot image in /var/screenshots/screenshot-4443327029925043141
20:41:29.672 [Darkroom Processing Line] DEBUG net.serenitybdd.core.photography.DarkroomProcessingLine - Saving screenshot to C:\Users\Fitideas\Desktop\My-Proyecto\target\site\serenity\8b8ca11bb621c69ca2d17fd4f0a4f69a64c81fe32a8f091e7e4f31f0d095dda4.png
20:41:30.403 [Test worker] INFO  - 
        __    _____ _____ ____ _____   ____   _    ____  ____  _____ ____  
  _     \ \  |_   _| ____/ ___|_   _| |  _ \ / \  / ___|/ ___|| ____|  _ \ 
 (_)_____| |   | | |  _| \___ \ | |   | |_) / _ \ \___ \\___ \|  _| | | | |
  _|_____| |   | | | |___ ___) || |   |  __/ ___ \ ___) |___) | |___| |_| |
 (_)     | |   |_| |_____|____/ |_|   |_| /_/   \_\____/|____/|_____|____/ 
        /_/                                                                

Flujo exitoso para cliente que busca rentar un auto
----------------------------------------------------------------------------
]]></system-out>
  <system-err><![CDATA[jul 21, 2021 8:41:07 PM org.openqa.selenium.remote.DesiredCapabilities chrome
INFORMACIÓN: Using `new ChromeOptions()` is preferred to `DesiredCapabilities.chrome()`
Starting ChromeDriver 91.0.4472.19 (1bf021f248676a0b2ab3ee0561d83a59e424c23e-refs/branch-heads/4472@{#288}) on port 4580
Only local connections are allowed.
Please see https://chromedriver.chromium.org/security-considerations for suggestions on keeping ChromeDriver safe.
ChromeDriver was started successfully.
jul 21, 2021 8:41:08 PM org.openqa.selenium.remote.ProtocolHandshake createSession
INFORMACIÓN: Detected dialect: W3C
]]></system-err>
</testsuite>
