<?xml version="1.0" encoding="UTF-8"?>
<testsuite name="Validación de campos obligatorios para hospedaje" tests="1" skipped="0" failures="0" errors="0" timestamp="2021-07-22T01:41:30" hostname="LAPTOP-6N9OQL9L" time="13.576">
  <properties/>
  <testcase name="Flujo para verificacion de campos obligatorios" classname="Validación de campos obligatorios para hospedaje" time="13.576"/>
  <system-out><![CDATA[
Escenario: Flujo para verificacion de campos obligatorios        ?[90m# src/test/resources/features/03_required_fields.feature:5?[0m
Feature from file:///C:/Users/Fitideas/Desktop/My-Proyecto/src/test/resources/features/03_required_fields.feature
20:41:30.403 [Test worker] INFO  - 
 _____ _____ ____ _____   ____ _____  _    ____ _____ _____ ____  
|_   _| ____/ ___|_   _| / ___|_   _|/ \  |  _ \_   _| ____|  _ \ 
  | | |  _| \___ \ | |   \___ \ | | / _ \ | |_) || | |  _| | | | |
  | | | |___ ___) || |    ___) || |/ ___ \|  _ < | | | |___| |_| |
  |_| |_____|____/ |_|   |____/ |_/_/   \_\_| \_\|_| |_____|____/ 

Flujo para verificacion de campos obligatorios(validación-de-campos-obligatorios-para-hospedaje;flujo-para-verificacion-de-campos-obligatorios)
-------------------------------------------------------------------
20:41:30.628 [Test worker] INFO net.serenitybdd.core.webdriver.driverproviders.ProvideNewDriver - Instantiating driver
20:41:30.628 [Test worker] INFO net.serenitybdd.core.webdriver.driverproviders.ProvideNewDriver - Driver capabilities: Capabilities {acceptInsecureCerts: false, browserName: chrome, chrome.switches: --start-maximized;--test-ty..., goog:chromeOptions: {args: [--start-maximized, --test-type, --no-sandbox, --ignore-certificate-errors..., --disable-popup-blocking, --disable-default-apps, --disable-extensions-file-a..., --incognito, --disable-infobars, --disable-gpu], extensions: []}, loggingPrefs: org.openqa.selenium.logging..., platform: ANY, version: }
20:41:32.269 [Test worker] DEBUG net.serenitybdd.core.photography.Darkroom - Opening darkroom
20:41:32.270 [Darkroom Processing Line] DEBUG net.serenitybdd.core.photography.DarkroomProcessingLine - Darkroom processing line starting up
20:41:32.496 [Test worker] DEBUG net.serenitybdd.core.photography.Darkroom - Send negative for processing for C:\Users\Fitideas\Desktop\My-Proyecto\target\site\serenity\d318b19f2b000b8a5b68fa9c8ba3ac0c08b3b11ec7c29f005322adfa6a9b9cc3.png
20:41:32.496 [Test worker] DEBUG net.thucydides.core.steps.StepInterceptor - STARTING STEP: StaysSteps.customerBegin - {0}Se inicia el proceso
20:41:32.522 [Test worker] DEBUG net.thucydides.core.steps.StepInterceptor - STARTING STEP: StartFlow.performAs - {0} opens the #url
20:41:39.580 [Test worker] DEBUG net.serenitybdd.core.photography.Darkroom - Send negative for processing for C:\Users\Fitideas\Desktop\My-Proyecto\target\site\serenity\087a4262f6f6f479550da137ee74b87fd6da8ff72e49fab3ff010a71043473c9.png
20:41:39.581 [Test worker] DEBUG net.thucydides.core.steps.StepInterceptor - STEP DONE: {0} opens the #url
20:41:39.603 [Test worker] DEBUG net.thucydides.core.steps.StepInterceptor - STEP DONE: {0}Se inicia el proceso
  ?[32mDado ?[0m?[32mQue ?[0m?[32m?[1mCatalina?[0m?[32m es un usuario que ingresa a la aplicacion?[0m    ?[90m# automation.qa.ui.steps.StaysSteps.customerBegin(java.lang.String)?[0m
20:41:40.010 [Test worker] DEBUG net.serenitybdd.core.photography.Darkroom - Send negative for processing for C:\Users\Fitideas\Desktop\My-Proyecto\target\site\serenity\087a4262f6f6f479550da137ee74b87fd6da8ff72e49fab3ff010a71043473c9.png
20:41:40.039 [Test worker] DEBUG net.thucydides.core.steps.StepInterceptor - STARTING STEP: StaysValidationSteps.customerSearch - performAs
20:41:40.494 [Test worker] DEBUG net.serenitybdd.core.photography.Darkroom - Send negative for processing for C:\Users\Fitideas\Desktop\My-Proyecto\target\site\serenity\087a4262f6f6f479550da137ee74b87fd6da8ff72e49fab3ff010a71043473c9.png
20:41:40.495 [Test worker] DEBUG net.thucydides.core.steps.StepInterceptor - STARTING STEP: StaysValid.performAs - {0} clicks on #target
20:41:40.496 [Test worker] DEBUG net.serenitybdd.screenplay.targets.IFrameSwitcher - default content already selected for Search
20:41:41.982 [Test worker] DEBUG net.serenitybdd.core.photography.Darkroom - Send negative for processing for C:\Users\Fitideas\Desktop\My-Proyecto\target\site\serenity\71832ea0440f1be51154abb5962a6aaf0fd9d000ec4c9f51d2c0dd73df2c6e9d.png
20:41:41.983 [Test worker] DEBUG net.thucydides.core.steps.StepInterceptor - STEP DONE: {0} clicks on #target
20:41:42.019 [Test worker] DEBUG net.thucydides.core.steps.StepInterceptor - STEP DONE: performAs
  ?[32mCuando ?[0m?[32mSelecciona la opcion buscar sin haber diligenciado nada?[0m ?[90m# automation.qa.ui.steps.StaysValidationSteps.customerSearch()?[0m
20:41:42.762 [Test worker] DEBUG net.serenitybdd.core.photography.Darkroom - Send negative for processing for C:\Users\Fitideas\Desktop\My-Proyecto\target\site\serenity\71832ea0440f1be51154abb5962a6aaf0fd9d000ec4c9f51d2c0dd73df2c6e9d.png
20:41:42.786 [Test worker] DEBUG net.serenitybdd.screenplay.targets.IFrameSwitcher - default content already selected for MessageError
  ?[32mEntonces ?[0m?[32mEl sistema le mostrara un mensaje de alerta?[0m           ?[90m# automation.qa.ui.steps.StaysValidationSteps.customerSuccess()?[0m
20:41:43.216 [Test worker] DEBUG net.serenitybdd.core.photography.Darkroom - Send negative for processing for C:\Users\Fitideas\Desktop\My-Proyecto\target\site\serenity\71832ea0440f1be51154abb5962a6aaf0fd9d000ec4c9f51d2c0dd73df2c6e9d.png
20:41:43.978 [Test worker] INFO  - 
        __    _____ _____ ____ _____   ____   _    ____  ____  _____ ____  
  _     \ \  |_   _| ____/ ___|_   _| |  _ \ / \  / ___|/ ___|| ____|  _ \ 
 (_)_____| |   | | |  _| \___ \ | |   | |_) / _ \ \___ \\___ \|  _| | | | |
  _|_____| |   | | | |___ ___) || |   |  __/ ___ \ ___) |___) | |___| |_| |
 (_)     | |   |_| |_____|____/ |_|   |_| /_/   \_\____/|____/|_____|____/ 
        /_/                                                                

Flujo para verificacion de campos obligatorios
----------------------------------------------------------------------------
]]></system-out>
  <system-err><![CDATA[jul 21, 2021 8:41:30 PM org.openqa.selenium.remote.DesiredCapabilities chrome
INFORMACIÓN: Using `new ChromeOptions()` is preferred to `DesiredCapabilities.chrome()`
Starting ChromeDriver 91.0.4472.19 (1bf021f248676a0b2ab3ee0561d83a59e424c23e-refs/branch-heads/4472@{#288}) on port 2107
Only local connections are allowed.
Please see https://chromedriver.chromium.org/security-considerations for suggestions on keeping ChromeDriver safe.
ChromeDriver was started successfully.
jul 21, 2021 8:41:31 PM org.openqa.selenium.remote.ProtocolHandshake createSession
INFORMACIÓN: Detected dialect: W3C
]]></system-err>
</testsuite>
