<?xml version="1.0" encoding="UTF-8"?>
<testsuite name="automation.qa.ui.runners.RunnerTestSuite" tests="0" skipped="0" failures="0" errors="0" timestamp="1970-01-01T00:00:00" hostname="LAPTOP-6N9OQL9L" time="0.0">
  <properties/>
  <system-out><![CDATA[20:40:37.403 [Test worker] WARN io.cucumber.junit.CucumberSerenityRunner - By default Cucumber is running in --non-strict mode.
This default will change to --strict and --non-strict will be removed.
You can use --strict or @CucumberOptions(strict = true) to suppress this warning
20:40:37.977 [Test worker] DEBUG net.thucydides.core.util.PropertiesFileLocalPreferences - webdriver.driver=chrome
20:40:37.977 [Test worker] DEBUG net.thucydides.core.util.PropertiesFileLocalPreferences - drivers.windows.webdriver.chrome.driver=src/test/resources/webdriver/windows/chromedriver.exe
20:40:37.977 [Test worker] DEBUG net.thucydides.core.util.PropertiesFileLocalPreferences - serenity.take.screenshots.for.questions=for_failures
20:40:37.977 [Test worker] DEBUG net.thucydides.core.util.PropertiesFileLocalPreferences - environments.default.webdriver.base.url=https://www.travelocity.com/
20:40:37.977 [Test worker] DEBUG net.thucydides.core.util.PropertiesFileLocalPreferences - serenity.browser.height=1000
20:40:37.977 [Test worker] DEBUG net.thucydides.core.util.PropertiesFileLocalPreferences - serenity.browser.width=1200
20:40:37.977 [Test worker] DEBUG net.thucydides.core.util.PropertiesFileLocalPreferences - chrome.switches=--start-maximized;--test-type;--no-sandbox;--ignore-certificate-errors;\r\n                   --disable-popup-blocking;--disable-default-apps;--disable-extensions-file-access-check;\r\n                   --incognito;--disable-infobars,--disable-gpu
20:40:37.983 [Test worker] DEBUG net.thucydides.core.util.PropertiesFileLocalPreferences - drivers.windows.webdriver.gecko.driver=src/test/resources/webdriver/windows/geckodriver.exe
20:40:37.983 [Test worker] DEBUG net.thucydides.core.util.PropertiesFileLocalPreferences - headless.mode=false
Feature from file:///C:/Users/Fitideas/Desktop/My-Proyecto/src/test/resources/features/01_basic_search.feature
20:40:38.498 [Test worker] DEBUG net.thucydides.core.util.PropertiesFileLocalPreferences - webdriver.driver=chrome
20:40:38.498 [Test worker] DEBUG net.thucydides.core.util.PropertiesFileLocalPreferences - drivers.windows.webdriver.chrome.driver=src/test/resources/webdriver/windows/chromedriver.exe
20:40:38.500 [Test worker] DEBUG net.thucydides.core.util.PropertiesFileLocalPreferences - serenity.take.screenshots.for.questions=for_failures
20:40:38.500 [Test worker] DEBUG net.thucydides.core.util.PropertiesFileLocalPreferences - environments.default.webdriver.base.url=https://www.travelocity.com/
20:40:38.500 [Test worker] DEBUG net.thucydides.core.util.PropertiesFileLocalPreferences - serenity.browser.height=1000
20:40:38.500 [Test worker] DEBUG net.thucydides.core.util.PropertiesFileLocalPreferences - serenity.browser.width=1200
20:40:38.500 [Test worker] DEBUG net.thucydides.core.util.PropertiesFileLocalPreferences - chrome.switches=--start-maximized;--test-type;--no-sandbox;--ignore-certificate-errors;\r\n                   --disable-popup-blocking;--disable-default-apps;--disable-extensions-file-access-check;\r\n                   --incognito;--disable-infobars,--disable-gpu
20:40:38.500 [Test worker] DEBUG net.thucydides.core.util.PropertiesFileLocalPreferences - drivers.windows.webdriver.gecko.driver=src/test/resources/webdriver/windows/geckodriver.exe
20:40:38.500 [Test worker] DEBUG net.thucydides.core.util.PropertiesFileLocalPreferences - headless.mode=false
20:40:38.510 [Test worker] INFO  - 

-------------------------------------------------------------------------------------
     _______. _______ .______       _______ .__   __.  __  .___________.____    ____ 
    /       ||   ____||   _  \     |   ____||  \ |  | |  | |           |\   \  /   / 
   |   (----`|  |__   |  |_)  |    |  |__   |   \|  | |  | `---|  |----` \   \/   /  
    \   \    |   __|  |      /     |   __|  |  . `  | |  |     |  |       \_    _/   
.----)   |   |  |____ |  |\  \----.|  |____ |  |\   | |  |     |  |         |  |     
|_______/    |_______|| _| `._____||_______||__| \__| |__|     |__|         |__|    
                                                                                     
 News and tutorials at http://www.serenity-bdd.info                                  
 Documentation at https://wakaleo.gitbooks.io/the-serenity-book/content/             
 Join the Serenity Community on Gitter: https://gitter.im/serenity-bdd/serenity-core 
 Serenity BDD Support and Training at http://serenity-bdd.info/#/trainingandsupport  
 Learn Serenity BDD online at https://www.serenitydojo.net                           
-------------------------------------------------------------------------------------

20:40:38.520 [Test worker] DEBUG net.thucydides.core.steps.StepEventBus - Test suite started for story net.thucydides.core.model.Story@41b3b7d6
20:40:38.523 [Test worker] INFO  - Test Suite Started: Busqueda basica de un hotel
Feature from file:///C:/Users/Fitideas/Desktop/My-Proyecto/src/test/resources/features/02_cars_basic_search.feature
20:40:38.559 [Test worker] DEBUG net.thucydides.core.steps.StepEventBus - Test suite started for story net.thucydides.core.model.Story@999007aa
20:40:38.559 [Test worker] INFO  - Test Suite Started: Busqueda basica para rentar un auto
Feature from file:///C:/Users/Fitideas/Desktop/My-Proyecto/src/test/resources/features/03_required_fields.feature
20:40:38.563 [Test worker] DEBUG net.thucydides.core.steps.StepEventBus - Test suite started for story net.thucydides.core.model.Story@21ad62f7
20:40:38.563 [Test worker] INFO  - Test Suite Started: Validación de campos obligatorios para hospedaje
Feature from file:///C:/Users/Fitideas/Desktop/My-Proyecto/src/test/resources/features/04_hotel_reservation.feature
20:40:38.571 [Test worker] DEBUG net.thucydides.core.steps.StepEventBus - Test suite started for story net.thucydides.core.model.Story@328b9ef1
20:40:38.572 [Test worker] INFO  - Test Suite Started: Validar informacion al intentar reservar un hotel

4 Scenarios (?[32m4 passed?[0m)
13 Steps (?[32m13 passed?[0m)
1m33,639s


20:42:11.840 [Test worker] DEBUG net.thucydides.core.reports.ReportService - Reporting formats: [JSON, HTML]
20:42:11.915 [Test worker] DEBUG net.thucydides.core.reports.ReportService - Reporting formats: [JSON, HTML]
20:42:11.926 [Test worker] DEBUG net.thucydides.core.reports.ReportService - Generating reports for 4 test outcomes using: net.thucydides.core.reports.json.JSONTestOutcomeReporter@77b0522c
20:42:11.927 [pool-1-thread-1] DEBUG net.thucydides.core.reports.ReportService - Processing test outcome Busqueda basica de un hotel:Flujo exitoso para cliente que busca un hotel
20:42:11.927 [pool-1-thread-2] DEBUG net.thucydides.core.reports.ReportService - Processing test outcome Busqueda basica para rentar un auto:Flujo exitoso para cliente que busca rentar un auto
20:42:11.927 [pool-1-thread-2] DEBUG net.thucydides.core.reports.ReportService - net.thucydides.core.reports.json.JSONTestOutcomeReporter@77b0522c: Generating report for test outcome: Busqueda basica para rentar un auto:Flujo exitoso para cliente que busca rentar un auto
20:42:11.927 [pool-1-thread-3] DEBUG net.thucydides.core.reports.ReportService - Processing test outcome Validación de campos obligatorios para hospedaje:Flujo para verificacion de campos obligatorios
20:42:11.927 [pool-1-thread-1] DEBUG net.thucydides.core.reports.ReportService - net.thucydides.core.reports.json.JSONTestOutcomeReporter@77b0522c: Generating report for test outcome: Busqueda basica de un hotel:Flujo exitoso para cliente que busca un hotel
20:42:11.927 [pool-1-thread-4] DEBUG net.thucydides.core.reports.ReportService - Processing test outcome Validar informacion al intentar reservar un hotel:Flujo exitoso para cliente que busca informacion sobre un hotel
20:42:11.927 [pool-1-thread-4] DEBUG net.thucydides.core.reports.ReportService - net.thucydides.core.reports.json.JSONTestOutcomeReporter@77b0522c: Generating report for test outcome: Validar informacion al intentar reservar un hotel:Flujo exitoso para cliente que busca informacion sobre un hotel
20:42:11.927 [pool-1-thread-3] DEBUG net.thucydides.core.reports.ReportService - net.thucydides.core.reports.json.JSONTestOutcomeReporter@77b0522c: Generating report for test outcome: Validación de campos obligatorios para hospedaje:Flujo para verificacion de campos obligatorios
20:42:11.931 [pool-1-thread-3] DEBUG net.thucydides.core.reports.json.JSONTestOutcomeReporter - Generating JSON report for Flujo para verificacion de campos obligatorios to file C:\Users\Fitideas\Desktop\My-Proyecto\target\site\serenity\00afa63ddd34b01fcbef4ec3cb80a6cd37f5843477368443df521f8609fd5af1.json (using temp file C:\Users\Fitideas\Desktop\My-Proyecto\target\site\serenity\00afa63ddd34b01fcbef4ec3cb80a6cd37f5843477368443df521f8609fd5af1.jsonc145c874-b2cd-4a4e-bc1a-24514ec6ba17)
20:42:11.932 [pool-1-thread-2] DEBUG net.thucydides.core.reports.json.JSONTestOutcomeReporter - Generating JSON report for Flujo exitoso para cliente que busca rentar un auto to file C:\Users\Fitideas\Desktop\My-Proyecto\target\site\serenity\d65518c69edf0c0d89a0bdce8c0c195cb1dee1374a251332a57567df5a3174c7.json (using temp file C:\Users\Fitideas\Desktop\My-Proyecto\target\site\serenity\d65518c69edf0c0d89a0bdce8c0c195cb1dee1374a251332a57567df5a3174c7.json3531bee6-4953-4125-8232-3c9645860979)
20:42:11.932 [pool-1-thread-4] DEBUG net.thucydides.core.reports.json.JSONTestOutcomeReporter - Generating JSON report for Flujo exitoso para cliente que busca informacion sobre un hotel to file C:\Users\Fitideas\Desktop\My-Proyecto\target\site\serenity\bc9b4c004a2662135920b020934759d7546fb0c502e57799fc8f650ec7aac306.json (using temp file C:\Users\Fitideas\Desktop\My-Proyecto\target\site\serenity\bc9b4c004a2662135920b020934759d7546fb0c502e57799fc8f650ec7aac306.jsond675e59a-fe6f-420a-be3d-fbcc60fbd8f8)
20:42:11.932 [pool-1-thread-1] DEBUG net.thucydides.core.reports.json.JSONTestOutcomeReporter - Generating JSON report for Flujo exitoso para cliente que busca un hotel to file C:\Users\Fitideas\Desktop\My-Proyecto\target\site\serenity\c8eca60c142cfaa3e19beb8fd347d8f2e8cf09e682751e0d1f76d11a8f059abd.json (using temp file C:\Users\Fitideas\Desktop\My-Proyecto\target\site\serenity\c8eca60c142cfaa3e19beb8fd347d8f2e8cf09e682751e0d1f76d11a8f059abd.jsonf5d7aa0f-a020-4cd7-a276-28ff8679493e)
20:42:11.984 [pool-1-thread-1] DEBUG net.thucydides.core.reports.ReportService - Processing test outcome Busqueda basica de un hotel:Flujo exitoso para cliente que busca un hotel done
20:42:11.985 [pool-1-thread-4] DEBUG net.thucydides.core.reports.ReportService - Processing test outcome Validar informacion al intentar reservar un hotel:Flujo exitoso para cliente que busca informacion sobre un hotel done
20:42:11.985 [pool-1-thread-3] DEBUG net.thucydides.core.reports.ReportService - Processing test outcome Validación de campos obligatorios para hospedaje:Flujo para verificacion de campos obligatorios done
20:42:11.986 [pool-1-thread-2] DEBUG net.thucydides.core.reports.ReportService - Processing test outcome Busqueda basica para rentar un auto:Flujo exitoso para cliente que busca rentar un auto done
20:42:11.986 [Test worker] DEBUG net.thucydides.core.reports.ReportService - Shutting down executor service
20:42:11.987 [Test worker] DEBUG net.thucydides.core.reports.ReportService - Reports generated in: 61 ms
20:42:11.987 [Test worker] DEBUG net.thucydides.core.reports.ReportService - Generating reports for 4 test outcomes using: net.thucydides.core.reports.html.HtmlAcceptanceTestReporter@4e7f40f6
20:42:11.988 [pool-2-thread-1] DEBUG net.thucydides.core.reports.ReportService - Processing test outcome Busqueda basica de un hotel:Flujo exitoso para cliente que busca un hotel
20:42:11.989 [pool-2-thread-4] DEBUG net.thucydides.core.reports.ReportService - Processing test outcome Validar informacion al intentar reservar un hotel:Flujo exitoso para cliente que busca informacion sobre un hotel
20:42:11.989 [pool-2-thread-4] DEBUG net.thucydides.core.reports.ReportService - net.thucydides.core.reports.html.HtmlAcceptanceTestReporter@4e7f40f6: Generating report for test outcome: Validar informacion al intentar reservar un hotel:Flujo exitoso para cliente que busca informacion sobre un hotel
20:42:11.989 [pool-2-thread-2] DEBUG net.thucydides.core.reports.ReportService - Processing test outcome Busqueda basica para rentar un auto:Flujo exitoso para cliente que busca rentar un auto
20:42:11.989 [pool-2-thread-2] DEBUG net.thucydides.core.reports.ReportService - net.thucydides.core.reports.html.HtmlAcceptanceTestReporter@4e7f40f6: Generating report for test outcome: Busqueda basica para rentar un auto:Flujo exitoso para cliente que busca rentar un auto
20:42:11.989 [pool-2-thread-2] DEBUG net.thucydides.core.reports.html.HtmlAcceptanceTestReporter - GENERATE TEST OUTCOME REPORT FOR Flujo exitoso para cliente que busca rentar un auto in d65518c69edf0c0d89a0bdce8c0c195cb1dee1374a251332a57567df5a3174c7
20:42:11.989 [pool-2-thread-4] DEBUG net.thucydides.core.reports.html.HtmlAcceptanceTestReporter - GENERATE TEST OUTCOME REPORT FOR Flujo exitoso para cliente que busca informacion sobre un hotel in bc9b4c004a2662135920b020934759d7546fb0c502e57799fc8f650ec7aac306
20:42:11.990 [pool-2-thread-1] DEBUG net.thucydides.core.reports.ReportService - net.thucydides.core.reports.html.HtmlAcceptanceTestReporter@4e7f40f6: Generating report for test outcome: Busqueda basica de un hotel:Flujo exitoso para cliente que busca un hotel
20:42:11.990 [pool-2-thread-1] DEBUG net.thucydides.core.reports.html.HtmlAcceptanceTestReporter - GENERATE TEST OUTCOME REPORT FOR Flujo exitoso para cliente que busca un hotel in c8eca60c142cfaa3e19beb8fd347d8f2e8cf09e682751e0d1f76d11a8f059abd
20:42:11.992 [pool-2-thread-3] DEBUG net.thucydides.core.reports.ReportService - Processing test outcome Validación de campos obligatorios para hospedaje:Flujo para verificacion de campos obligatorios
20:42:11.992 [pool-2-thread-3] DEBUG net.thucydides.core.reports.ReportService - net.thucydides.core.reports.html.HtmlAcceptanceTestReporter@4e7f40f6: Generating report for test outcome: Validación de campos obligatorios para hospedaje:Flujo para verificacion de campos obligatorios
20:42:11.992 [pool-2-thread-3] DEBUG net.thucydides.core.reports.html.HtmlAcceptanceTestReporter - GENERATE TEST OUTCOME REPORT FOR Flujo para verificacion de campos obligatorios in 00afa63ddd34b01fcbef4ec3cb80a6cd37f5843477368443df521f8609fd5af1
20:42:12.040 [pool-2-thread-2] DEBUG net.thucydides.core.requirements.model.cucumber.CucumberParser - Added feature Busqueda basica de un hotel
20:42:12.040 [pool-2-thread-3] DEBUG net.thucydides.core.requirements.model.cucumber.CucumberParser - Added feature Busqueda basica de un hotel
20:42:12.040 [pool-2-thread-1] DEBUG net.thucydides.core.requirements.model.cucumber.CucumberParser - Added feature Busqueda basica de un hotel
20:42:12.040 [pool-2-thread-4] DEBUG net.thucydides.core.requirements.model.cucumber.CucumberParser - Added feature Busqueda basica de un hotel
20:42:12.044 [pool-2-thread-3] DEBUG net.thucydides.core.requirements.model.cucumber.CucumberParser - Added feature Busqueda basica para rentar un auto
20:42:12.044 [pool-2-thread-2] DEBUG net.thucydides.core.requirements.model.cucumber.CucumberParser - Added feature Busqueda basica para rentar un auto
20:42:12.044 [pool-2-thread-4] DEBUG net.thucydides.core.requirements.model.cucumber.CucumberParser - Added feature Busqueda basica para rentar un auto
20:42:12.045 [pool-2-thread-1] DEBUG net.thucydides.core.requirements.model.cucumber.CucumberParser - Added feature Busqueda basica para rentar un auto
20:42:12.048 [pool-2-thread-3] DEBUG net.thucydides.core.requirements.model.cucumber.CucumberParser - Added feature Validación de campos obligatorios para hospedaje
20:42:12.049 [pool-2-thread-2] DEBUG net.thucydides.core.requirements.model.cucumber.CucumberParser - Added feature Validación de campos obligatorios para hospedaje
20:42:12.049 [pool-2-thread-4] DEBUG net.thucydides.core.requirements.model.cucumber.CucumberParser - Added feature Validación de campos obligatorios para hospedaje
20:42:12.049 [pool-2-thread-1] DEBUG net.thucydides.core.requirements.model.cucumber.CucumberParser - Added feature Validación de campos obligatorios para hospedaje
20:42:12.053 [pool-2-thread-1] DEBUG net.thucydides.core.requirements.model.cucumber.CucumberParser - Added feature Validar informacion al intentar reservar un hotel
20:42:12.053 [pool-2-thread-2] DEBUG net.thucydides.core.requirements.model.cucumber.CucumberParser - Added feature Validar informacion al intentar reservar un hotel
20:42:12.054 [pool-2-thread-4] DEBUG net.thucydides.core.requirements.model.cucumber.CucumberParser - Added feature Validar informacion al intentar reservar un hotel
20:42:12.054 [pool-2-thread-1] DEBUG net.thucydides.core.requirements.RequirementsTagProvider -  found:[Requirement{name='Busqueda basica de un hotel', type='feature' parent = 'null', cardNumber='null'}, Requirement{name='Busqueda basica para rentar un auto', type='feature' parent = 'null', cardNumber='null'}, Requirement{name='Validación de campos obligatorios para hospedaje', type='feature' parent = 'null', cardNumber='null'}, Requirement{name='Validar informacion al intentar reservar un hotel', type='feature' parent = 'null', cardNumber='null'}]
20:42:12.054 [pool-2-thread-2] DEBUG net.thucydides.core.requirements.RequirementsTagProvider -  found:[Requirement{name='Busqueda basica de un hotel', type='feature' parent = 'null', cardNumber='null'}, Requirement{name='Busqueda basica para rentar un auto', type='feature' parent = 'null', cardNumber='null'}, Requirement{name='Validación de campos obligatorios para hospedaje', type='feature' parent = 'null', cardNumber='null'}, Requirement{name='Validar informacion al intentar reservar un hotel', type='feature' parent = 'null', cardNumber='null'}]
20:42:12.054 [pool-2-thread-3] DEBUG net.thucydides.core.requirements.model.cucumber.CucumberParser - Added feature Validar informacion al intentar reservar un hotel
20:42:12.054 [pool-2-thread-4] DEBUG net.thucydides.core.requirements.RequirementsTagProvider -  found:[Requirement{name='Busqueda basica de un hotel', type='feature' parent = 'null', cardNumber='null'}, Requirement{name='Busqueda basica para rentar un auto', type='feature' parent = 'null', cardNumber='null'}, Requirement{name='Validación de campos obligatorios para hospedaje', type='feature' parent = 'null', cardNumber='null'}, Requirement{name='Validar informacion al intentar reservar un hotel', type='feature' parent = 'null', cardNumber='null'}]
20:42:12.054 [pool-2-thread-3] DEBUG net.thucydides.core.requirements.RequirementsTagProvider -  found:[Requirement{name='Busqueda basica de un hotel', type='feature' parent = 'null', cardNumber='null'}, Requirement{name='Busqueda basica para rentar un auto', type='feature' parent = 'null', cardNumber='null'}, Requirement{name='Validación de campos obligatorios para hospedaje', type='feature' parent = 'null', cardNumber='null'}, Requirement{name='Validar informacion al intentar reservar un hotel', type='feature' parent = 'null', cardNumber='null'}]
20:42:12.063 [pool-2-thread-2] DEBUG net.thucydides.core.requirements.BaseRequirementsService - Requirement found for test outcome Flujo exitoso para cliente que busca rentar un auto-[]: Optional[Requirement{name='Busqueda basica para rentar un auto', type='feature' parent = 'null', cardNumber='null'}]
20:42:12.063 [pool-2-thread-1] DEBUG net.thucydides.core.requirements.BaseRequirementsService - Requirement found for test outcome Flujo exitoso para cliente que busca un hotel-[]: Optional[Requirement{name='Busqueda basica de un hotel', type='feature' parent = 'null', cardNumber='null'}]
20:42:12.063 [pool-2-thread-3] DEBUG net.thucydides.core.requirements.BaseRequirementsService - Requirement found for test outcome Flujo para verificacion de campos obligatorios-[]: Optional[Requirement{name='Validación de campos obligatorios para hospedaje', type='feature' parent = 'null', cardNumber='null'}]
20:42:12.063 [pool-2-thread-4] DEBUG net.thucydides.core.requirements.BaseRequirementsService - Requirement found for test outcome Flujo exitoso para cliente que busca informacion sobre un hotel-[]: Optional[Requirement{name='Validar informacion al intentar reservar un hotel', type='feature' parent = 'null', cardNumber='null'}]
20:42:12.065 [pool-2-thread-3] DEBUG net.thucydides.core.requirements.BaseRequirementsService - Requirement found for test outcome Flujo para verificacion de campos obligatorios-[]: Optional[Requirement{name='Validación de campos obligatorios para hospedaje', type='feature' parent = 'null', cardNumber='null'}]
20:42:12.065 [pool-2-thread-4] DEBUG net.thucydides.core.requirements.BaseRequirementsService - Requirement found for test outcome Flujo exitoso para cliente que busca informacion sobre un hotel-[]: Optional[Requirement{name='Validar informacion al intentar reservar un hotel', type='feature' parent = 'null', cardNumber='null'}]
20:42:12.065 [pool-2-thread-2] DEBUG net.thucydides.core.requirements.BaseRequirementsService - Requirement found for test outcome Flujo exitoso para cliente que busca rentar un auto-[]: Optional[Requirement{name='Busqueda basica para rentar un auto', type='feature' parent = 'null', cardNumber='null'}]
20:42:12.065 [pool-2-thread-1] DEBUG net.thucydides.core.requirements.BaseRequirementsService - Requirement found for test outcome Flujo exitoso para cliente que busca un hotel-[]: Optional[Requirement{name='Busqueda basica de un hotel', type='feature' parent = 'null', cardNumber='null'}]
20:42:12.083 [pool-2-thread-3] DEBUG net.thucydides.core.requirements.BaseRequirementsService - Requirement found for test outcome Flujo para verificacion de campos obligatorios-[]: Optional[Requirement{name='Validación de campos obligatorios para hospedaje', type='feature' parent = 'null', cardNumber='null'}]
20:42:12.085 [pool-2-thread-3] DEBUG net.thucydides.core.requirements.BaseRequirementsService - Requirement found for test outcome Flujo para verificacion de campos obligatorios-[]: Optional[Requirement{name='Validación de campos obligatorios para hospedaje', type='feature' parent = 'null', cardNumber='null'}]
20:42:12.088 [pool-2-thread-3] DEBUG net.thucydides.core.reports.html.HtmlAcceptanceTestReporter - Generating report in 00afa63ddd34b01fcbef4ec3cb80a6cd37f5843477368443df521f8609fd5af1_screenshots.html
20:42:12.094 [pool-2-thread-2] DEBUG net.thucydides.core.requirements.BaseRequirementsService - Requirement found for test outcome Flujo exitoso para cliente que busca rentar un auto-[]: Optional[Requirement{name='Busqueda basica para rentar un auto', type='feature' parent = 'null', cardNumber='null'}]
20:42:12.095 [pool-2-thread-2] DEBUG net.thucydides.core.requirements.BaseRequirementsService - Requirement found for test outcome Flujo exitoso para cliente que busca rentar un auto-[]: Optional[Requirement{name='Busqueda basica para rentar un auto', type='feature' parent = 'null', cardNumber='null'}]
20:42:12.096 [pool-2-thread-2] DEBUG net.thucydides.core.reports.html.HtmlAcceptanceTestReporter - Generating report in d65518c69edf0c0d89a0bdce8c0c195cb1dee1374a251332a57567df5a3174c7_screenshots.html
20:42:12.128 [pool-2-thread-1] DEBUG net.thucydides.core.requirements.BaseRequirementsService - Requirement found for test outcome Flujo exitoso para cliente que busca un hotel-[]: Optional[Requirement{name='Busqueda basica de un hotel', type='feature' parent = 'null', cardNumber='null'}]
20:42:12.129 [pool-2-thread-1] DEBUG net.thucydides.core.requirements.BaseRequirementsService - Requirement found for test outcome Flujo exitoso para cliente que busca un hotel-[]: Optional[Requirement{name='Busqueda basica de un hotel', type='feature' parent = 'null', cardNumber='null'}]
20:42:12.130 [pool-2-thread-4] DEBUG net.thucydides.core.requirements.BaseRequirementsService - Requirement found for test outcome Flujo exitoso para cliente que busca informacion sobre un hotel-[]: Optional[Requirement{name='Validar informacion al intentar reservar un hotel', type='feature' parent = 'null', cardNumber='null'}]
20:42:12.130 [pool-2-thread-1] DEBUG net.thucydides.core.reports.html.HtmlAcceptanceTestReporter - Generating report in c8eca60c142cfaa3e19beb8fd347d8f2e8cf09e682751e0d1f76d11a8f059abd_screenshots.html
20:42:12.131 [pool-2-thread-4] DEBUG net.thucydides.core.requirements.BaseRequirementsService - Requirement found for test outcome Flujo exitoso para cliente que busca informacion sobre un hotel-[]: Optional[Requirement{name='Validar informacion al intentar reservar un hotel', type='feature' parent = 'null', cardNumber='null'}]
20:42:12.134 [pool-2-thread-4] DEBUG net.thucydides.core.reports.html.HtmlAcceptanceTestReporter - Generating report in bc9b4c004a2662135920b020934759d7546fb0c502e57799fc8f650ec7aac306_screenshots.html
20:42:12.565 [pool-2-thread-3] DEBUG net.thucydides.core.reports.html.HtmlAcceptanceTestReporter - Generated report 00afa63ddd34b01fcbef4ec3cb80a6cd37f5843477368443df521f8609fd5af1_screenshots.html in 477 ms
20:42:12.565 [pool-2-thread-1] DEBUG net.thucydides.core.reports.html.HtmlAcceptanceTestReporter - Generated report c8eca60c142cfaa3e19beb8fd347d8f2e8cf09e682751e0d1f76d11a8f059abd_screenshots.html in 435 ms
20:42:12.567 [pool-2-thread-4] DEBUG net.thucydides.core.reports.html.HtmlAcceptanceTestReporter - Generated report bc9b4c004a2662135920b020934759d7546fb0c502e57799fc8f650ec7aac306_screenshots.html in 433 ms
20:42:12.567 [pool-2-thread-1] DEBUG net.thucydides.core.reports.html.HtmlAcceptanceTestReporter - GENERATING HTML REPORT FOR Busqueda basica de un hotel:Flujo exitoso para cliente que busca un hotel in c8eca60c142cfaa3e19beb8fd347d8f2e8cf09e682751e0d1f76d11a8f059abd.html in directory C:\Users\Fitideas\Desktop\My-Proyecto\target\site\serenity  
20:42:12.568 [pool-2-thread-4] DEBUG net.thucydides.core.reports.html.HtmlAcceptanceTestReporter - GENERATING HTML REPORT FOR Validar informacion al intentar reservar un hotel:Flujo exitoso para cliente que busca informacion sobre un hotel in bc9b4c004a2662135920b020934759d7546fb0c502e57799fc8f650ec7aac306.html in directory C:\Users\Fitideas\Desktop\My-Proyecto\target\site\serenity  
20:42:12.568 [pool-2-thread-3] DEBUG net.thucydides.core.reports.html.HtmlAcceptanceTestReporter - GENERATING HTML REPORT FOR Validación de campos obligatorios para hospedaje:Flujo para verificacion de campos obligatorios in 00afa63ddd34b01fcbef4ec3cb80a6cd37f5843477368443df521f8609fd5af1.html in directory C:\Users\Fitideas\Desktop\My-Proyecto\target\site\serenity  
20:42:12.569 [pool-2-thread-2] DEBUG net.thucydides.core.reports.html.HtmlAcceptanceTestReporter - Generated report d65518c69edf0c0d89a0bdce8c0c195cb1dee1374a251332a57567df5a3174c7_screenshots.html in 473 ms
20:42:12.570 [pool-2-thread-1] DEBUG net.thucydides.core.reports.html.HtmlAcceptanceTestReporter - Generating report in c8eca60c142cfaa3e19beb8fd347d8f2e8cf09e682751e0d1f76d11a8f059abd.html
20:42:12.570 [pool-2-thread-2] DEBUG net.thucydides.core.reports.html.HtmlAcceptanceTestReporter - GENERATING HTML REPORT FOR Busqueda basica para rentar un auto:Flujo exitoso para cliente que busca rentar un auto in d65518c69edf0c0d89a0bdce8c0c195cb1dee1374a251332a57567df5a3174c7.html in directory C:\Users\Fitideas\Desktop\My-Proyecto\target\site\serenity  
20:42:12.571 [pool-2-thread-3] DEBUG net.thucydides.core.reports.html.HtmlAcceptanceTestReporter - Generating report in 00afa63ddd34b01fcbef4ec3cb80a6cd37f5843477368443df521f8609fd5af1.html
20:42:12.571 [pool-2-thread-4] DEBUG net.thucydides.core.reports.html.HtmlAcceptanceTestReporter - Generating report in bc9b4c004a2662135920b020934759d7546fb0c502e57799fc8f650ec7aac306.html
20:42:12.571 [pool-2-thread-2] DEBUG net.thucydides.core.reports.html.HtmlAcceptanceTestReporter - Generating report in d65518c69edf0c0d89a0bdce8c0c195cb1dee1374a251332a57567df5a3174c7.html
20:42:12.788 [pool-2-thread-3] DEBUG net.thucydides.core.reports.html.HtmlAcceptanceTestReporter - Generated report 00afa63ddd34b01fcbef4ec3cb80a6cd37f5843477368443df521f8609fd5af1.html in 217 ms
20:42:12.788 [pool-2-thread-3] DEBUG net.thucydides.core.reports.ReportService - Processing test outcome Validación de campos obligatorios para hospedaje:Flujo para verificacion de campos obligatorios done
20:42:12.865 [pool-2-thread-1] DEBUG net.thucydides.core.reports.html.HtmlAcceptanceTestReporter - Generated report c8eca60c142cfaa3e19beb8fd347d8f2e8cf09e682751e0d1f76d11a8f059abd.html in 295 ms
20:42:12.866 [pool-2-thread-1] DEBUG net.thucydides.core.reports.ReportService - Processing test outcome Busqueda basica de un hotel:Flujo exitoso para cliente que busca un hotel done
20:42:12.917 [pool-2-thread-4] DEBUG net.thucydides.core.reports.html.HtmlAcceptanceTestReporter - Generated report bc9b4c004a2662135920b020934759d7546fb0c502e57799fc8f650ec7aac306.html in 346 ms
20:42:12.917 [pool-2-thread-4] DEBUG net.thucydides.core.reports.ReportService - Processing test outcome Validar informacion al intentar reservar un hotel:Flujo exitoso para cliente que busca informacion sobre un hotel done
20:42:13.201 [pool-2-thread-2] DEBUG net.thucydides.core.reports.html.HtmlAcceptanceTestReporter - Generated report d65518c69edf0c0d89a0bdce8c0c195cb1dee1374a251332a57567df5a3174c7.html in 630 ms
20:42:13.201 [pool-2-thread-2] DEBUG net.thucydides.core.reports.ReportService - Processing test outcome Busqueda basica para rentar un auto:Flujo exitoso para cliente que busca rentar un auto done
20:42:13.201 [Test worker] DEBUG net.thucydides.core.reports.ReportService - Shutting down executor service
20:42:13.202 [Test worker] DEBUG net.thucydides.core.reports.ReportService - Reports generated in: 1215 ms
20:42:13.355 [Test worker] DEBUG net.serenitybdd.core.photography.Darkroom - Closing darkroom
20:42:13.355 [Darkroom Processing Line] DEBUG net.serenitybdd.core.photography.DarkroomProcessingLine - Darkroom processing line shutting down
]]></system-out>
  <system-err><![CDATA[]]></system-err>
</testsuite>
